Performing C SOURCE FILE Test CMAKE_HAVE_LIBC_PTHREAD failed with the following output:
Change Dir: /home/roberto/CLionProjects/RTMPServer/bin/CMakeFiles/CMakeTmp

Run Build Command(s):/home/roberto/Descargas/installations/clion-2021.3.3/bin/ninja/linux/ninja cmTC_f378d && [1/2] Building C object CMakeFiles/cmTC_f378d.dir/src.c.o
[2/2] Linking C executable cmTC_f378d
FAILED: cmTC_f378d 
: && /usr/bin/cc   CMakeFiles/cmTC_f378d.dir/src.c.o -o cmTC_f378d   && :
/usr/bin/ld: CMakeFiles/cmTC_f378d.dir/src.c.o: en la función `main':
src.c:(.text+0x46): referencia a `pthread_create' sin definir
/usr/bin/ld: src.c:(.text+0x52): referencia a `pthread_detach' sin definir
/usr/bin/ld: src.c:(.text+0x5e): referencia a `pthread_cancel' sin definir
/usr/bin/ld: src.c:(.text+0x6f): referencia a `pthread_join' sin definir
collect2: error: ld returned 1 exit status
ninja: build stopped: subcommand failed.


Source file was:
#include <pthread.h>

static void* test_func(void* data)
{
  return data;
}

int main(void)
{
  pthread_t thread;
  pthread_create(&thread, NULL, test_func, NULL);
  pthread_detach(thread);
  pthread_cancel(thread);
  pthread_join(thread, NULL);
  pthread_atfork(NULL, NULL, NULL);
  pthread_exit(NULL);

  return 0;
}

